2025-05-12 14:27:01,268 - INFO - Skipping row 0 in sheet January: Project marked as won/lost/re-bid
2025-05-12 14:27:01,269 - INFO - Skipping row 1 in sheet January: Project marked as won/lost/re-bid
2025-05-12 14:27:01,269 - INFO - Skipping row 2 in sheet January: Project marked as won/lost/re-bid
2025-05-12 14:27:01,269 - INFO - Skipping row 3 in sheet January: Project marked as won/lost/re-bid
2025-05-12 14:27:01,269 - INFO - Skipping row 4 in sheet January: Project marked as won/lost/re-bid
2025-05-12 14:27:01,269 - INFO - Skipping row 5 in sheet January: Project marked as won/lost/re-bid
2025-05-12 14:27:01,269 - INFO - Skipping row 6 in sheet January: Project marked as won/lost/re-bid
2025-05-12 14:27:01,270 - INFO - Skipping row 7 in sheet January: Project marked as won/lost/re-bid
2025-05-12 14:27:01,270 - INFO - Skipping row 8 in sheet January: Project marked as won/lost/re-bid
2025-05-12 14:27:01,270 - INFO - Skipping row 9 in sheet January: Project marked as won/lost/re-bid
2025-05-12 14:27:01,270 - INFO - Skipping row 10 in sheet January: Project marked as won/lost/re-bid
2025-05-12 14:27:01,270 - INFO - Skipping row 11 in sheet January: Project marked as won/lost/re-bid
2025-05-12 14:27:01,272 - INFO - Skipping row 13 in sheet January: Project marked as won/lost/re-bid
2025-05-12 14:27:01,272 - INFO - Skipping row 14 in sheet January: Project marked as won/lost/re-bid
2025-05-12 14:27:01,272 - INFO - Skipping row 15 in sheet January: Project marked as won/lost/re-bid
2025-05-12 14:27:01,272 - INFO - Skipping row 16 in sheet January: Project marked as won/lost/re-bid
2025-05-12 14:27:01,272 - INFO - Skipping row 17 in sheet January: Project marked as won/lost/re-bid
2025-05-12 14:27:01,272 - INFO - Skipping row 18 in sheet January: Project marked as won/lost/re-bid
2025-05-12 14:27:01,273 - INFO - Skipping row 19 in sheet January: Project marked as won/lost/re-bid
2025-05-12 14:27:01,273 - INFO - Skipping row 20 in sheet January: Project marked as won/lost/re-bid
2025-05-12 14:27:01,952 - INFO - Email sent to garyw@lexicon-inc.com for project 250106 QTS DEN1 (DC2 & DC3)
2025-05-12 14:27:02,954 - INFO - Skipping row 22 in sheet January: Project marked as won/lost/re-bid
2025-05-12 14:27:02,954 - INFO - Skipping row 23 in sheet January: Project marked as won/lost/re-bid
2025-05-12 14:27:02,956 - INFO - Skipping row 25 in sheet January: Project marked as won/lost/re-bid
2025-05-12 14:27:02,957 - INFO - Skipping row 26 in sheet January: Project marked as won/lost/re-bid
2025-05-12 14:27:02,957 - INFO - Skipping row 27 in sheet January: Project marked as won/lost/re-bid
2025-05-12 14:27:02,958 - INFO - Skipping row 29 in sheet January: Project marked as won/lost/re-bid
2025-05-12 14:27:03,306 - INFO - Email sent to garyw@lexicon-inc.com for project QTS PHX3 DC9 Goodyear AZ
2025-05-12 14:27:04,307 - INFO - Skipping row 32 in sheet January: Project marked as won/lost/re-bid
2025-05-12 14:27:04,308 - INFO - Skipping row 33 in sheet January: Project marked as won/lost/re-bid
2025-05-12 14:27:04,308 - INFO - Skipping row 34 in sheet January: Project marked as won/lost/re-bid
2025-05-12 14:27:04,309 - INFO - Skipping row 35 in sheet January: Project marked as won/lost/re-bid
2025-05-12 14:27:04,309 - INFO - Skipping row 36 in sheet January: Project marked as won/lost/re-bid
2025-05-12 14:27:04,310 - INFO - Skipping row 37 in sheet January: Project marked as won/lost/re-bid
2025-05-12 14:27:04,310 - INFO - Skipping row 38 in sheet January: Project marked as won/lost/re-bid
2025-05-12 14:27:04,310 - INFO - Skipping row 39 in sheet January: Project marked as won/lost/re-bid
2025-05-12 14:27:04,311 - INFO - Skipping row 40 in sheet January: Project marked as won/lost/re-bid
2025-05-12 14:27:04,311 - INFO - Skipping row 42 in sheet January: Project marked as won/lost/re-bid
2025-05-12 14:27:04,658 - INFO - Email sent to jvillalobos@pspindustries.com for project 25005 - Lone Star Power Station - Reactor
2025-05-12 14:27:06,019 - INFO - Email sent to jvillalobos@pspindustries.com for project 25005 - Lone Star Power Station - Stack
2025-05-12 14:27:07,023 - INFO - Skipping row 47 in sheet January: Invalid or missing submission date (NaT)
2025-05-12 14:27:07,024 - INFO - Skipping row 48 in sheet January: Invalid or missing submission date (NaT)
2025-05-12 14:27:07,024 - INFO - Skipping row 49 in sheet January: Invalid or missing submission date (NaT)
2025-05-12 14:27:07,026 - INFO - Skipping row 50 in sheet January: Invalid or missing submission date (NaT)
2025-05-12 14:27:07,030 - INFO - Skipping row 0 in sheet February: Project marked as won/lost/re-bid
2025-05-12 14:27:07,031 - INFO - Skipping row 1 in sheet February: Project marked as won/lost/re-bid
2025-05-12 14:27:07,031 - INFO - Skipping row 2 in sheet February: Project marked as won/lost/re-bid
2025-05-12 14:27:07,032 - INFO - Skipping row 4 in sheet February: Project marked as won/lost/re-bid
2025-05-12 14:27:07,395 - INFO - Email sent to swiger@wwafcosteel.com for project SpaceX Gigabay
2025-05-12 14:27:08,745 - INFO - Email sent to Tim.Henry@schuff.com for project SpaceX Gigabay
2025-05-12 14:27:09,748 - INFO - Skipping row 9 in sheet February: Project marked as won/lost/re-bid
2025-05-12 14:27:09,749 - INFO - Skipping row 10 in sheet February: Project marked as won/lost/re-bid
2025-05-12 14:27:09,749 - INFO - Skipping row 11 in sheet February: Project marked as won/lost/re-bid
2025-05-12 14:27:09,749 - INFO - Skipping row 12 in sheet February: Project marked as won/lost/re-bid
2025-05-12 14:27:09,749 - INFO - Skipping row 13 in sheet February: Project marked as won/lost/re-bid
2025-05-12 14:27:09,749 - INFO - Skipping row 14 in sheet February: Project marked as won/lost/re-bid
2025-05-12 14:27:09,749 - INFO - Skipping row 15 in sheet February: Project marked as won/lost/re-bid
2025-05-12 14:27:09,751 - INFO - Skipping row 16 in sheet February: Project marked as won/lost/re-bid
2025-05-12 14:27:09,751 - INFO - Skipping row 17 in sheet February: Project marked as won/lost/re-bid
2025-05-12 14:27:09,753 - INFO - Skipping row 21 in sheet February: Project marked as won/lost/re-bid
2025-05-12 14:27:09,753 - INFO - Skipping row 22 in sheet February: Project marked as won/lost/re-bid
2025-05-12 14:27:09,754 - INFO - Skipping row 23 in sheet February: Project marked as won/lost/re-bid
2025-05-12 14:27:09,754 - INFO - Skipping row 24 in sheet February: Project marked as won/lost/re-bid
2025-05-12 14:27:09,754 - INFO - Skipping row 25 in sheet February: Project marked as won/lost/re-bid
2025-05-12 14:27:09,755 - INFO - Skipping row 27 in sheet February: Project marked as won/lost/re-bid
2025-05-12 14:27:09,755 - INFO - Skipping row 28 in sheet February: Project marked as won/lost/re-bid
2025-05-12 14:27:09,756 - INFO - Skipping row 30 in sheet February: Project marked as won/lost/re-bid
2025-05-12 14:27:09,757 - INFO - Skipping row 31 in sheet February: Project marked as won/lost/re-bid
2025-05-12 14:27:09,757 - INFO - Skipping row 32 in sheet February: Project marked as won/lost/re-bid
2025-05-12 14:27:09,757 - INFO - Skipping row 33 in sheet February: Project marked as won/lost/re-bid
2025-05-12 14:27:09,757 - INFO - Skipping row 34 in sheet February: Invalid or missing submission date (NaT)
2025-05-12 14:27:09,757 - INFO - Skipping row 35 in sheet February: Invalid or missing submission date (NaT)
2025-05-12 14:27:09,758 - INFO - Skipping row 36 in sheet February: Invalid or missing submission date (NaT)
2025-05-12 14:27:09,758 - INFO - Skipping row 37 in sheet February: Invalid or missing submission date (NaT)
2025-05-12 14:27:09,761 - INFO - Skipping row 1 in sheet March: Project marked as won/lost/re-bid
2025-05-12 14:27:09,762 - INFO - Skipping row 2 in sheet March: Project marked as won/lost/re-bid
2025-05-12 14:27:09,762 - INFO - Skipping row 3 in sheet March: Project marked as won/lost/re-bid
2025-05-12 14:27:09,763 - INFO - Skipping row 4 in sheet March: Project marked as won/lost/re-bid
2025-05-12 14:27:09,763 - INFO - Skipping row 5 in sheet March: Project marked as won/lost/re-bid
2025-05-12 14:27:09,763 - INFO - Skipping row 6 in sheet March: Project marked as won/lost/re-bid
2025-05-12 14:27:09,764 - INFO - Skipping row 7 in sheet March: Project marked as won/lost/re-bid
2025-05-12 14:27:09,764 - INFO - Skipping row 8 in sheet March: Project marked as won/lost/re-bid
2025-05-12 14:27:09,764 - INFO - Skipping row 9 in sheet March: Project marked as won/lost/re-bid
2025-05-12 14:27:09,764 - INFO - Skipping row 11 in sheet March: Project marked as won/lost/re-bid
2025-05-12 14:27:09,767 - INFO - Skipping row 13 in sheet March: Project marked as won/lost/re-bid
2025-05-12 14:27:09,767 - INFO - Skipping row 14 in sheet March: Project marked as won/lost/re-bid
2025-05-12 14:27:09,767 - INFO - Skipping row 15 in sheet March: Project marked as won/lost/re-bid
2025-05-12 14:27:09,769 - INFO - Skipping row 18 in sheet March: Project marked as won/lost/re-bid
2025-05-12 14:27:09,769 - INFO - Skipping row 19 in sheet March: Project marked as won/lost/re-bid
2025-05-12 14:27:09,769 - INFO - Skipping row 20 in sheet March: Project marked as won/lost/re-bid
2025-05-12 14:27:09,769 - INFO - Skipping row 21 in sheet March: Project marked as won/lost/re-bid
2025-05-12 14:27:09,769 - INFO - Skipping row 22 in sheet March: Project marked as won/lost/re-bid
2025-05-12 14:27:09,770 - INFO - Skipping row 23 in sheet March: Project marked as won/lost/re-bid
2025-05-12 14:27:09,771 - INFO - Skipping row 25 in sheet March: Project marked as won/lost/re-bid
2025-05-12 14:27:09,772 - INFO - Skipping row 27 in sheet March: Project marked as won/lost/re-bid
2025-05-12 14:27:09,777 - INFO - Skipping row 33 in sheet March: Invalid or missing submission date (NaT)
2025-05-12 14:27:09,779 - INFO - Skipping row 34 in sheet March: Invalid or missing submission date (NaT)
2025-05-12 14:27:09,780 - INFO - Skipping row 35 in sheet March: Invalid or missing submission date (NaT)
2025-05-12 14:27:09,782 - INFO - Skipping row 36 in sheet March: Invalid or missing submission date (NaT)
2025-05-12 14:27:09,785 - INFO - Skipping row 0 in sheet April: Project marked as won/lost/re-bid
2025-05-12 14:27:09,785 - INFO - Skipping row 1 in sheet April: Project marked as won/lost/re-bid
2025-05-12 14:27:09,789 - INFO - Skipping row 4 in sheet April: Project marked as won/lost/re-bid
2025-05-12 14:27:09,789 - INFO - Skipping row 5 in sheet April: Project marked as won/lost/re-bid
2025-05-12 14:27:09,789 - INFO - Skipping row 7 in sheet April: Project marked as won/lost/re-bid
2025-05-12 14:27:09,789 - INFO - Skipping row 8 in sheet April: Project marked as won/lost/re-bid
2025-05-12 14:27:09,793 - INFO - Skipping row 12 in sheet April: Project marked as won/lost/re-bid
2025-05-12 14:27:09,794 - INFO - Skipping row 13 in sheet April: Project marked as won/lost/re-bid
2025-05-12 14:27:09,794 - INFO - Skipping row 14 in sheet April: Project marked as won/lost/re-bid
2025-05-12 14:27:09,794 - INFO - Skipping row 16 in sheet April: Project marked as won/lost/re-bid
2025-05-12 14:27:09,795 - INFO - Skipping row 19 in sheet April: Project marked as won/lost/re-bid
2025-05-12 14:27:09,797 - INFO - Skipping row 23 in sheet April: Project marked as won/lost/re-bid
2025-05-12 14:27:09,798 - INFO - Skipping row 24 in sheet April: Project marked as won/lost/re-bid
2025-05-12 14:27:09,800 - INFO - Skipping row 31 in sheet April: Project marked as won/lost/re-bid
2025-05-12 14:27:09,800 - INFO - Skipping row 32 in sheet April: Project marked as won/lost/re-bid
2025-05-12 14:27:09,800 - INFO - Skipping row 33 in sheet April: Project marked as won/lost/re-bid
2025-05-12 14:27:09,801 - INFO - Skipping row 34 in sheet April: Project marked as won/lost/re-bid
2025-05-12 14:27:10,159 - INFO - Email sent to JKrueger@steelfab-inc.com for project 25237 PDX 203
2025-05-12 14:27:11,523 - INFO - Email sent to LMorgan@steelfab-inc.com for project 241819 Jan 105-106
2025-05-12 14:27:12,884 - INFO - Email sent to slerch@merrillsteel.com for project Jan 105-106 Data Centers
2025-05-12 14:27:13,885 - INFO - Skipping row 40 in sheet April: Invalid or missing submission date (NaT)
2025-05-12 14:27:13,885 - INFO - Skipping row 41 in sheet April: Invalid or missing submission date (NaT)
2025-05-12 14:27:13,886 - INFO - Skipping row 42 in sheet April: Invalid or missing submission date (NaT)
2025-05-12 14:27:13,886 - INFO - Skipping row 43 in sheet April: Invalid or missing submission date (NaT)
2025-05-12 14:27:14,246 - INFO - Email sent to jvillalobos@pspindustries.com for project 25017 GEA Access Steel
2025-05-12 14:27:15,599 - INFO - Email sent to jfairley@steelfab-inc.com for project 25755 Project Riverstone
2025-05-12 14:27:16,605 - INFO - Skipping row 16 in sheet May: Invalid or missing submission date (NaT)
2025-05-12 14:27:16,606 - INFO - Skipping row 17 in sheet May: Invalid or missing submission date (NaT)
2025-05-12 14:27:16,606 - INFO - Skipping row 18 in sheet May: Invalid or missing submission date (NaT)
2025-05-12 14:27:16,607 - INFO - Skipping row 19 in sheet May: Invalid or missing submission date (NaT)
2025-05-12 14:27:16,870 - INFO - Spreadsheet for 2025 updated with last correspondence dates and follow-up stages.
2025-05-12 14:27:17,097 - INFO - Skipping row 0 in sheet January: Project marked as won/lost/re-bid
2025-05-12 14:27:17,097 - INFO - Skipping row 1 in sheet January: Invalid or missing submission date (NaT)
2025-05-12 14:27:17,097 - INFO - Skipping row 2 in sheet January: Invalid or missing submission date (NaT)
2025-05-12 14:27:17,097 - INFO - Skipping row 3 in sheet January: Invalid or missing submission date (NaT)
2025-05-12 14:27:17,098 - INFO - Skipping row 4 in sheet January: Invalid or missing submission date (NaT)
2025-05-12 14:27:17,098 - INFO - Skipping row 5 in sheet January: Invalid or missing submission date (NaT)
2025-05-12 14:27:17,098 - INFO - Skipping row 6 in sheet January: Invalid or missing submission date (NaT)
2025-05-12 14:27:17,099 - INFO - Skipping row 0 in sheet March: Project marked as won/lost/re-bid
2025-05-12 14:27:17,099 - INFO - Skipping row 1 in sheet March: Project marked as won/lost/re-bid
2025-05-12 14:27:17,099 - INFO - Skipping row 2 in sheet March: Project marked as won/lost/re-bid
2025-05-12 14:27:17,099 - INFO - Skipping row 3 in sheet March: Project marked as won/lost/re-bid
2025-05-12 14:27:17,099 - INFO - Skipping row 4 in sheet March: Project marked as won/lost/re-bid
2025-05-12 14:27:17,101 - INFO - Skipping row 5 in sheet March: Invalid or missing submission date (NaT)
2025-05-12 14:27:17,101 - INFO - Skipping row 6 in sheet March: Invalid or missing submission date (NaT)
2025-05-12 14:27:17,101 - INFO - Skipping row 7 in sheet March: Invalid or missing submission date (NaT)
2025-05-12 14:27:17,101 - INFO - Skipping row 8 in sheet March: Invalid or missing submission date (NaT)
2025-05-12 14:27:17,101 - INFO - Skipping row 9 in sheet March: Invalid or missing submission date (NaT)
2025-05-12 14:27:17,101 - INFO - Skipping row 10 in sheet March: Invalid or missing submission date (NaT)
2025-05-12 14:27:17,103 - INFO - Skipping row 0 in sheet April: Project marked as won/lost/re-bid
2025-05-12 14:27:17,104 - INFO - Skipping row 1 in sheet April: Project marked as won/lost/re-bid
2025-05-12 14:27:17,104 - INFO - Skipping row 2 in sheet April: Project marked as won/lost/re-bid
2025-05-12 14:27:17,104 - INFO - Skipping row 3 in sheet April: Project marked as won/lost/re-bid
2025-05-12 14:27:17,104 - INFO - Skipping row 4 in sheet April: Project marked as won/lost/re-bid
2025-05-12 14:27:17,104 - INFO - Skipping row 5 in sheet April: Project marked as won/lost/re-bid
2025-05-12 14:27:17,104 - INFO - Skipping row 6 in sheet April: Project marked as won/lost/re-bid
2025-05-12 14:27:17,104 - INFO - Skipping row 7 in sheet April: Project marked as won/lost/re-bid
2025-05-12 14:27:17,104 - INFO - Skipping row 8 in sheet April: Project marked as won/lost/re-bid
2025-05-12 14:27:17,105 - INFO - Skipping row 9 in sheet April: Project marked as won/lost/re-bid
2025-05-12 14:27:17,105 - INFO - Skipping row 10 in sheet April: Project marked as won/lost/re-bid
2025-05-12 14:27:17,105 - INFO - Skipping row 11 in sheet April: Invalid or missing submission date (NaT)
2025-05-12 14:27:17,105 - INFO - Skipping row 12 in sheet April: Invalid or missing submission date (NaT)
2025-05-12 14:27:17,106 - INFO - Skipping row 13 in sheet April: Invalid or missing submission date (NaT)
2025-05-12 14:27:17,106 - INFO - Skipping row 14 in sheet April: Invalid or missing submission date (NaT)
2025-05-12 14:27:17,106 - INFO - Skipping row 15 in sheet April: Invalid or missing submission date (NaT)
2025-05-12 14:27:17,106 - INFO - Skipping row 16 in sheet April: Invalid or missing submission date (NaT)
2025-05-12 14:27:17,108 - INFO - Skipping row 0 in sheet May: Project marked as won/lost/re-bid
2025-05-12 14:27:17,108 - INFO - Skipping row 1 in sheet May: Project marked as won/lost/re-bid
2025-05-12 14:27:17,108 - INFO - Skipping row 2 in sheet May: Project marked as won/lost/re-bid
2025-05-12 14:27:17,109 - INFO - Skipping row 3 in sheet May: Project marked as won/lost/re-bid
2025-05-12 14:27:17,109 - INFO - Skipping row 4 in sheet May: Project marked as won/lost/re-bid
2025-05-12 14:27:17,109 - INFO - Skipping row 5 in sheet May: Project marked as won/lost/re-bid
2025-05-12 14:27:17,109 - INFO - Skipping row 6 in sheet May: Project marked as won/lost/re-bid
2025-05-12 14:27:17,109 - INFO - Skipping row 7 in sheet May: Project marked as won/lost/re-bid
2025-05-12 14:27:17,109 - INFO - Skipping row 8 in sheet May: Project marked as won/lost/re-bid
2025-05-12 14:27:17,109 - INFO - Skipping row 9 in sheet May: Project marked as won/lost/re-bid
2025-05-12 14:27:17,109 - INFO - Skipping row 10 in sheet May: Project marked as won/lost/re-bid
2025-05-12 14:27:17,109 - INFO - Skipping row 11 in sheet May: Project marked as won/lost/re-bid
2025-05-12 14:27:17,109 - INFO - Skipping row 12 in sheet May: Project marked as won/lost/re-bid
2025-05-12 14:27:17,110 - INFO - Skipping row 13 in sheet May: Project marked as won/lost/re-bid
2025-05-12 14:27:17,110 - INFO - Skipping row 14 in sheet May: Project marked as won/lost/re-bid
2025-05-12 14:27:17,110 - INFO - Skipping row 15 in sheet May: Project marked as won/lost/re-bid
2025-05-12 14:27:17,110 - INFO - Skipping row 16 in sheet May: Invalid or missing submission date (NaT)
2025-05-12 14:27:17,110 - INFO - Skipping row 17 in sheet May: Invalid or missing submission date (NaT)
2025-05-12 14:27:17,110 - INFO - Skipping row 18 in sheet May: Invalid or missing submission date (NaT)
2025-05-12 14:27:17,110 - INFO - Skipping row 19 in sheet May: Invalid or missing submission date (NaT)
2025-05-12 14:27:17,111 - INFO - Skipping row 20 in sheet May: Invalid or missing submission date (NaT)
2025-05-12 14:27:17,111 - INFO - Skipping row 21 in sheet May: Invalid or missing submission date (NaT)
2025-05-12 14:27:17,112 - INFO - Skipping row 0 in sheet June: Project marked as won/lost/re-bid
2025-05-12 14:27:17,113 - INFO - Skipping row 1 in sheet June: Project marked as won/lost/re-bid
2025-05-12 14:27:17,113 - INFO - Skipping row 2 in sheet June: Project marked as won/lost/re-bid
2025-05-12 14:27:17,113 - INFO - Skipping row 3 in sheet June: Project marked as won/lost/re-bid
2025-05-12 14:27:17,114 - INFO - Skipping row 4 in sheet June: Project marked as won/lost/re-bid
2025-05-12 14:27:17,114 - INFO - Skipping row 5 in sheet June: Project marked as won/lost/re-bid
2025-05-12 14:27:17,114 - INFO - Skipping row 6 in sheet June: Project marked as won/lost/re-bid
2025-05-12 14:27:17,114 - INFO - Skipping row 7 in sheet June: Project marked as won/lost/re-bid
2025-05-12 14:27:17,114 - INFO - Skipping row 8 in sheet June: Project marked as won/lost/re-bid
2025-05-12 14:27:17,114 - INFO - Skipping row 9 in sheet June: Project marked as won/lost/re-bid
2025-05-12 14:27:17,114 - INFO - Skipping row 10 in sheet June: Project marked as won/lost/re-bid
2025-05-12 14:27:17,114 - INFO - Skipping row 11 in sheet June: Project marked as won/lost/re-bid
2025-05-12 14:27:17,114 - INFO - Skipping row 12 in sheet June: Project marked as won/lost/re-bid
2025-05-12 14:27:17,114 - INFO - Skipping row 13 in sheet June: Invalid or missing submission date (NaT)
2025-05-12 14:27:17,116 - INFO - Skipping row 14 in sheet June: Invalid or missing submission date (NaT)
2025-05-12 14:27:17,116 - INFO - Skipping row 15 in sheet June: Invalid or missing submission date (NaT)
2025-05-12 14:27:17,116 - INFO - Skipping row 16 in sheet June: Invalid or missing submission date (NaT)
2025-05-12 14:27:17,116 - INFO - Skipping row 17 in sheet June: Invalid or missing submission date (NaT)
2025-05-12 14:27:17,117 - INFO - Skipping row 18 in sheet June: Invalid or missing submission date (NaT)
2025-05-12 14:27:17,118 - INFO - Skipping row 0 in sheet July: Project marked as won/lost/re-bid
2025-05-12 14:27:17,118 - INFO - Skipping row 1 in sheet July: Project marked as won/lost/re-bid
2025-05-12 14:27:17,118 - INFO - Skipping row 2 in sheet July: Project marked as won/lost/re-bid
2025-05-12 14:27:17,118 - INFO - Skipping row 3 in sheet July: Project marked as won/lost/re-bid
2025-05-12 14:27:17,118 - INFO - Skipping row 4 in sheet July: Project marked as won/lost/re-bid
2025-05-12 14:27:17,119 - INFO - Skipping row 5 in sheet July: Project marked as won/lost/re-bid
2025-05-12 14:27:17,119 - INFO - Skipping row 6 in sheet July: Project marked as won/lost/re-bid
2025-05-12 14:27:17,119 - INFO - Skipping row 7 in sheet July: Project marked as won/lost/re-bid
2025-05-12 14:27:17,119 - INFO - Skipping row 8 in sheet July: Project marked as won/lost/re-bid
2025-05-12 14:27:17,119 - INFO - Skipping row 9 in sheet July: Project marked as won/lost/re-bid
2025-05-12 14:27:17,119 - INFO - Skipping row 10 in sheet July: Project marked as won/lost/re-bid
2025-05-12 14:27:17,119 - INFO - Skipping row 11 in sheet July: Project marked as won/lost/re-bid
2025-05-12 14:27:17,119 - INFO - Skipping row 12 in sheet July: Project marked as won/lost/re-bid
2025-05-12 14:27:17,119 - INFO - Skipping row 13 in sheet July: Project marked as won/lost/re-bid
2025-05-12 14:27:17,119 - INFO - Skipping row 14 in sheet July: Project marked as won/lost/re-bid
2025-05-12 14:27:17,120 - INFO - Skipping row 15 in sheet July: Project marked as won/lost/re-bid
2025-05-12 14:27:17,120 - INFO - Skipping row 16 in sheet July: Project marked as won/lost/re-bid
2025-05-12 14:27:17,120 - INFO - Skipping row 17 in sheet July: Project marked as won/lost/re-bid
2025-05-12 14:27:17,120 - INFO - Skipping row 18 in sheet July: Project marked as won/lost/re-bid
2025-05-12 14:27:17,120 - INFO - Skipping row 19 in sheet July: Project marked as won/lost/re-bid
2025-05-12 14:27:17,120 - INFO - Skipping row 20 in sheet July: Project marked as won/lost/re-bid
2025-05-12 14:27:17,120 - INFO - Skipping row 21 in sheet July: Project marked as won/lost/re-bid
2025-05-12 14:27:17,120 - INFO - Skipping row 22 in sheet July: Project marked as won/lost/re-bid
2025-05-12 14:27:17,120 - INFO - Skipping row 23 in sheet July: Project marked as won/lost/re-bid
2025-05-12 14:27:17,120 - INFO - Skipping row 24 in sheet July: Project marked as won/lost/re-bid
2025-05-12 14:27:17,120 - INFO - Skipping row 25 in sheet July: Project marked as won/lost/re-bid
2025-05-12 14:27:17,120 - INFO - Skipping row 26 in sheet July: Project marked as won/lost/re-bid
2025-05-12 14:27:17,121 - INFO - Skipping row 27 in sheet July: Project marked as won/lost/re-bid
2025-05-12 14:27:17,121 - INFO - Skipping row 28 in sheet July: Project marked as won/lost/re-bid
2025-05-12 14:27:17,121 - INFO - Skipping row 29 in sheet July: Project marked as won/lost/re-bid
2025-05-12 14:27:17,121 - INFO - Skipping row 30 in sheet July: Project marked as won/lost/re-bid
2025-05-12 14:27:17,121 - INFO - Skipping row 31 in sheet July: Project marked as won/lost/re-bid
2025-05-12 14:27:17,121 - INFO - Skipping row 32 in sheet July: Project marked as won/lost/re-bid
2025-05-12 14:27:17,121 - INFO - Skipping row 33 in sheet July: Invalid or missing submission date (NaT)
2025-05-12 14:27:17,121 - INFO - Skipping row 34 in sheet July: Invalid or missing submission date (NaT)
2025-05-12 14:27:17,121 - INFO - Skipping row 35 in sheet July: Invalid or missing submission date (NaT)
2025-05-12 14:27:17,121 - INFO - Skipping row 36 in sheet July: Invalid or missing submission date (NaT)
2025-05-12 14:27:17,122 - INFO - Skipping row 37 in sheet July: Invalid or missing submission date (NaT)
2025-05-12 14:27:17,122 - INFO - Skipping row 38 in sheet July: Invalid or missing submission date (NaT)
2025-05-12 14:27:17,123 - INFO - Skipping row 0 in sheet August: Project marked as won/lost/re-bid
2025-05-12 14:27:17,123 - INFO - Skipping row 1 in sheet August: Project marked as won/lost/re-bid
2025-05-12 14:27:17,123 - INFO - Skipping row 2 in sheet August: Project marked as won/lost/re-bid
2025-05-12 14:27:17,124 - INFO - Skipping row 3 in sheet August: Project marked as won/lost/re-bid
2025-05-12 14:27:17,124 - INFO - Skipping row 4 in sheet August: Project marked as won/lost/re-bid
2025-05-12 14:27:17,124 - INFO - Skipping row 5 in sheet August: Project marked as won/lost/re-bid
2025-05-12 14:27:17,124 - INFO - Skipping row 6 in sheet August: Project marked as won/lost/re-bid
2025-05-12 14:27:17,124 - INFO - Skipping row 7 in sheet August: Project marked as won/lost/re-bid
2025-05-12 14:27:17,124 - INFO - Skipping row 8 in sheet August: Project marked as won/lost/re-bid
2025-05-12 14:27:17,124 - INFO - Skipping row 9 in sheet August: Project marked as won/lost/re-bid
2025-05-12 14:27:17,124 - INFO - Skipping row 10 in sheet August: Project marked as won/lost/re-bid
2025-05-12 14:27:17,124 - INFO - Skipping row 11 in sheet August: Project marked as won/lost/re-bid
2025-05-12 14:27:17,124 - INFO - Skipping row 12 in sheet August: Project marked as won/lost/re-bid
2025-05-12 14:27:17,124 - INFO - Skipping row 13 in sheet August: Project marked as won/lost/re-bid
2025-05-12 14:27:17,124 - INFO - Skipping row 14 in sheet August: Project marked as won/lost/re-bid
2025-05-12 14:27:17,124 - INFO - Skipping row 15 in sheet August: Project marked as won/lost/re-bid
2025-05-12 14:27:17,124 - INFO - Skipping row 16 in sheet August: Project marked as won/lost/re-bid
2025-05-12 14:27:17,124 - INFO - Skipping row 17 in sheet August: Project marked as won/lost/re-bid
2025-05-12 14:27:17,124 - INFO - Skipping row 18 in sheet August: Project marked as won/lost/re-bid
2025-05-12 14:27:17,126 - INFO - Skipping row 19 in sheet August: Project marked as won/lost/re-bid
2025-05-12 14:27:17,126 - INFO - Skipping row 20 in sheet August: Project marked as won/lost/re-bid
2025-05-12 14:27:17,126 - INFO - Skipping row 21 in sheet August: Project marked as won/lost/re-bid
2025-05-12 14:27:17,126 - INFO - Skipping row 22 in sheet August: Invalid or missing submission date (NaT)
2025-05-12 14:27:17,126 - INFO - Skipping row 23 in sheet August: Invalid or missing submission date (NaT)
2025-05-12 14:27:17,126 - INFO - Skipping row 24 in sheet August: Invalid or missing submission date (NaT)
2025-05-12 14:27:17,126 - INFO - Skipping row 25 in sheet August: Invalid or missing submission date (NaT)
2025-05-12 14:27:17,127 - INFO - Skipping row 26 in sheet August: Invalid or missing submission date (NaT)
2025-05-12 14:27:17,127 - INFO - Skipping row 27 in sheet August: Invalid or missing submission date (NaT)
2025-05-12 14:27:17,128 - INFO - Skipping row 0 in sheet September: Project marked as won/lost/re-bid
2025-05-12 14:27:17,129 - INFO - Skipping row 1 in sheet September: Project marked as won/lost/re-bid
2025-05-12 14:27:17,129 - INFO - Skipping row 2 in sheet September: Project marked as won/lost/re-bid
2025-05-12 14:27:17,129 - INFO - Skipping row 3 in sheet September: Project marked as won/lost/re-bid
2025-05-12 14:27:17,129 - INFO - Skipping row 4 in sheet September: Project marked as won/lost/re-bid
2025-05-12 14:27:17,129 - INFO - Skipping row 5 in sheet September: Project marked as won/lost/re-bid
2025-05-12 14:27:17,129 - INFO - Skipping row 6 in sheet September: Project marked as won/lost/re-bid
2025-05-12 14:27:17,129 - INFO - Skipping row 7 in sheet September: Project marked as won/lost/re-bid
2025-05-12 14:27:17,130 - INFO - Skipping row 8 in sheet September: Project marked as won/lost/re-bid
2025-05-12 14:27:17,130 - INFO - Skipping row 9 in sheet September: Project marked as won/lost/re-bid
2025-05-12 14:27:17,130 - INFO - Skipping row 11 in sheet September: Project marked as won/lost/re-bid
2025-05-12 14:27:17,130 - INFO - Skipping row 12 in sheet September: Project marked as won/lost/re-bid
2025-05-12 14:27:17,130 - INFO - Skipping row 13 in sheet September: Project marked as won/lost/re-bid
2025-05-12 14:27:17,130 - INFO - Skipping row 14 in sheet September: Project marked as won/lost/re-bid
2025-05-12 14:27:17,131 - INFO - Skipping row 16 in sheet September: Project marked as won/lost/re-bid
2025-05-12 14:27:17,131 - INFO - Skipping row 17 in sheet September: Project marked as won/lost/re-bid
2025-05-12 14:27:17,131 - INFO - Skipping row 18 in sheet September: Project marked as won/lost/re-bid
2025-05-12 14:27:17,131 - INFO - Skipping row 19 in sheet September: Project marked as won/lost/re-bid
2025-05-12 14:27:17,131 - INFO - Skipping row 22 in sheet September: Project marked as won/lost/re-bid
2025-05-12 14:27:17,131 - INFO - Skipping row 23 in sheet September: Project marked as won/lost/re-bid
2025-05-12 14:27:17,131 - INFO - Skipping row 24 in sheet September: Project marked as won/lost/re-bid
2025-05-12 14:27:17,131 - INFO - Skipping row 25 in sheet September: Project marked as won/lost/re-bid
2025-05-12 14:27:17,131 - INFO - Skipping row 26 in sheet September: Project marked as won/lost/re-bid
2025-05-12 14:27:17,131 - INFO - Skipping row 27 in sheet September: Project marked as won/lost/re-bid
2025-05-12 14:27:17,131 - INFO - Skipping row 28 in sheet September: Invalid or missing submission date (NaT)
2025-05-12 14:27:17,132 - INFO - Skipping row 29 in sheet September: Invalid or missing submission date (NaT)
2025-05-12 14:27:17,132 - INFO - Skipping row 30 in sheet September: Invalid or missing submission date (NaT)
2025-05-12 14:27:17,132 - INFO - Skipping row 31 in sheet September: Invalid or missing submission date (NaT)
2025-05-12 14:27:17,133 - INFO - Skipping row 32 in sheet September: Invalid or missing submission date (NaT)
2025-05-12 14:27:17,133 - INFO - Skipping row 33 in sheet September: Invalid or missing submission date (NaT)
2025-05-12 14:27:17,134 - INFO - Skipping row 0 in sheet October: Project marked as won/lost/re-bid
2025-05-12 14:27:17,136 - INFO - Skipping row 1 in sheet October: Project marked as won/lost/re-bid
2025-05-12 14:27:17,136 - INFO - Skipping row 2 in sheet October: Project marked as won/lost/re-bid
2025-05-12 14:27:17,137 - INFO - Skipping row 3 in sheet October: Project marked as won/lost/re-bid
2025-05-12 14:27:17,137 - INFO - Skipping row 4 in sheet October: Project marked as won/lost/re-bid
2025-05-12 14:27:17,137 - INFO - Skipping row 5 in sheet October: Project marked as won/lost/re-bid
2025-05-12 14:27:17,137 - INFO - Skipping row 6 in sheet October: Project marked as won/lost/re-bid
2025-05-12 14:27:17,137 - INFO - Skipping row 7 in sheet October: Project marked as won/lost/re-bid
2025-05-12 14:27:17,137 - INFO - Skipping row 8 in sheet October: Project marked as won/lost/re-bid
2025-05-12 14:27:17,137 - INFO - Skipping row 9 in sheet October: Project marked as won/lost/re-bid
2025-05-12 14:27:17,137 - INFO - Skipping row 10 in sheet October: Project marked as won/lost/re-bid
2025-05-12 14:27:17,137 - INFO - Skipping row 11 in sheet October: Project marked as won/lost/re-bid
2025-05-12 14:27:17,138 - INFO - Skipping row 12 in sheet October: Project marked as won/lost/re-bid
2025-05-12 14:27:17,138 - INFO - Skipping row 13 in sheet October: Project marked as won/lost/re-bid
2025-05-12 14:27:17,138 - INFO - Skipping row 14 in sheet October: Project marked as won/lost/re-bid
2025-05-12 14:27:17,138 - INFO - Skipping row 15 in sheet October: Project marked as won/lost/re-bid
2025-05-12 14:27:17,138 - INFO - Skipping row 16 in sheet October: Project marked as won/lost/re-bid
2025-05-12 14:27:17,138 - INFO - Skipping row 17 in sheet October: Project marked as won/lost/re-bid
2025-05-12 14:27:17,138 - INFO - Skipping row 18 in sheet October: Project marked as won/lost/re-bid
2025-05-12 14:27:17,138 - INFO - Skipping row 19 in sheet October: Project marked as won/lost/re-bid
2025-05-12 14:27:17,138 - INFO - Skipping row 20 in sheet October: Project marked as won/lost/re-bid
2025-05-12 14:27:17,138 - INFO - Skipping row 21 in sheet October: Project marked as won/lost/re-bid
2025-05-12 14:27:17,139 - INFO - Skipping row 22 in sheet October: Project marked as won/lost/re-bid
2025-05-12 14:27:17,139 - INFO - Skipping row 23 in sheet October: Project marked as won/lost/re-bid
2025-05-12 14:27:17,139 - INFO - Skipping row 24 in sheet October: Project marked as won/lost/re-bid
2025-05-12 14:27:17,139 - INFO - Skipping row 25 in sheet October: Project marked as won/lost/re-bid
2025-05-12 14:27:17,139 - INFO - Skipping row 26 in sheet October: Project marked as won/lost/re-bid
2025-05-12 14:27:17,139 - INFO - Skipping row 27 in sheet October: Project marked as won/lost/re-bid
2025-05-12 14:27:17,139 - INFO - Skipping row 28 in sheet October: Project marked as won/lost/re-bid
2025-05-12 14:27:17,140 - INFO - Skipping row 29 in sheet October: Project marked as won/lost/re-bid
2025-05-12 14:27:17,140 - INFO - Skipping row 30 in sheet October: Project marked as won/lost/re-bid
2025-05-12 14:27:17,140 - INFO - Skipping row 32 in sheet October: Project marked as won/lost/re-bid
2025-05-12 14:27:17,140 - INFO - Skipping row 33 in sheet October: Project marked as won/lost/re-bid
2025-05-12 14:27:17,140 - INFO - Skipping row 34 in sheet October: Project marked as won/lost/re-bid
2025-05-12 14:27:17,140 - INFO - Skipping row 35 in sheet October: Project marked as won/lost/re-bid
2025-05-12 14:27:17,140 - INFO - Skipping row 36 in sheet October: Project marked as won/lost/re-bid
2025-05-12 14:27:17,140 - INFO - Skipping row 37 in sheet October: Project marked as won/lost/re-bid
2025-05-12 14:27:17,141 - INFO - Skipping row 38 in sheet October: Project marked as won/lost/re-bid
2025-05-12 14:27:17,141 - INFO - Skipping row 39 in sheet October: Project marked as won/lost/re-bid
2025-05-12 14:27:17,141 - INFO - Skipping row 40 in sheet October: Project marked as won/lost/re-bid
2025-05-12 14:27:17,141 - INFO - Skipping row 41 in sheet October: Project marked as won/lost/re-bid
2025-05-12 14:27:17,141 - INFO - Skipping row 42 in sheet October: Project marked as won/lost/re-bid
2025-05-12 14:27:17,141 - INFO - Skipping row 43 in sheet October: Project marked as won/lost/re-bid
2025-05-12 14:27:17,141 - INFO - Skipping row 44 in sheet October: Project marked as won/lost/re-bid
2025-05-12 14:27:17,141 - INFO - Skipping row 45 in sheet October: Project marked as won/lost/re-bid
2025-05-12 14:27:17,141 - INFO - Skipping row 46 in sheet October: Invalid or missing submission date (NaT)
2025-05-12 14:27:17,141 - INFO - Skipping row 47 in sheet October: Invalid or missing submission date (NaT)
2025-05-12 14:27:17,141 - INFO - Skipping row 48 in sheet October: Invalid or missing submission date (NaT)
2025-05-12 14:27:17,141 - INFO - Skipping row 49 in sheet October: Invalid or missing submission date (NaT)
2025-05-12 14:27:17,141 - INFO - Skipping row 50 in sheet October: Invalid or missing submission date (NaT)
2025-05-12 14:27:17,142 - INFO - Skipping row 51 in sheet October: Invalid or missing submission date (NaT)
2025-05-12 14:27:17,143 - INFO - Skipping row 0 in sheet November: Project marked as won/lost/re-bid
2025-05-12 14:27:17,143 - INFO - Skipping row 1 in sheet November: Project marked as won/lost/re-bid
2025-05-12 14:27:17,143 - INFO - Skipping row 2 in sheet November: Project marked as won/lost/re-bid
2025-05-12 14:27:17,144 - INFO - Skipping row 3 in sheet November: Project marked as won/lost/re-bid
2025-05-12 14:27:17,144 - INFO - Skipping row 4 in sheet November: Project marked as won/lost/re-bid
2025-05-12 14:27:17,144 - INFO - Skipping row 5 in sheet November: Project marked as won/lost/re-bid
2025-05-12 14:27:17,144 - INFO - Skipping row 6 in sheet November: Project marked as won/lost/re-bid
2025-05-12 14:27:17,144 - INFO - Skipping row 7 in sheet November: Project marked as won/lost/re-bid
2025-05-12 14:27:17,144 - INFO - Skipping row 8 in sheet November: Project marked as won/lost/re-bid
2025-05-12 14:27:17,144 - INFO - Skipping row 9 in sheet November: Project marked as won/lost/re-bid
2025-05-12 14:27:17,144 - INFO - Skipping row 11 in sheet November: Project marked as won/lost/re-bid
2025-05-12 14:27:17,144 - INFO - Skipping row 12 in sheet November: Project marked as won/lost/re-bid
2025-05-12 14:27:17,144 - INFO - Skipping row 13 in sheet November: Project marked as won/lost/re-bid
2025-05-12 14:27:17,144 - INFO - Skipping row 14 in sheet November: Project marked as won/lost/re-bid
2025-05-12 14:27:17,144 - INFO - Skipping row 15 in sheet November: Project marked as won/lost/re-bid
2025-05-12 14:27:17,144 - INFO - Skipping row 16 in sheet November: Project marked as won/lost/re-bid
2025-05-12 14:27:17,146 - INFO - Skipping row 17 in sheet November: Project marked as won/lost/re-bid
2025-05-12 14:27:17,146 - INFO - Skipping row 18 in sheet November: Project marked as won/lost/re-bid
2025-05-12 14:27:17,146 - INFO - Skipping row 21 in sheet November: Project marked as won/lost/re-bid
2025-05-12 14:27:17,146 - INFO - Skipping row 25 in sheet November: Project marked as won/lost/re-bid
2025-05-12 14:27:17,147 - INFO - Skipping row 26 in sheet November: Project marked as won/lost/re-bid
2025-05-12 14:27:17,147 - INFO - Skipping row 27 in sheet November: Project marked as won/lost/re-bid
2025-05-12 14:27:17,147 - INFO - Skipping row 28 in sheet November: Project marked as won/lost/re-bid
2025-05-12 14:27:17,147 - INFO - Skipping row 29 in sheet November: Project marked as won/lost/re-bid
2025-05-12 14:27:17,147 - INFO - Skipping row 30 in sheet November: Project marked as won/lost/re-bid
2025-05-12 14:27:17,147 - INFO - Skipping row 31 in sheet November: Project marked as won/lost/re-bid
2025-05-12 14:27:17,147 - INFO - Skipping row 32 in sheet November: Project marked as won/lost/re-bid
2025-05-12 14:27:17,147 - INFO - Skipping row 34 in sheet November: Invalid or missing submission date (NaT)
2025-05-12 14:27:17,148 - INFO - Skipping row 35 in sheet November: Invalid or missing submission date (NaT)
2025-05-12 14:27:17,148 - INFO - Skipping row 36 in sheet November: Invalid or missing submission date (NaT)
2025-05-12 14:27:17,148 - INFO - Skipping row 37 in sheet November: Invalid or missing submission date (NaT)
2025-05-12 14:27:17,148 - INFO - Skipping row 38 in sheet November: Invalid or missing submission date (NaT)
2025-05-12 14:27:17,148 - INFO - Skipping row 39 in sheet November: Invalid or missing submission date (NaT)
2025-05-12 14:27:17,150 - INFO - Skipping row 0 in sheet December: Project marked as won/lost/re-bid
2025-05-12 14:27:17,151 - INFO - Skipping row 1 in sheet December: Project marked as won/lost/re-bid
2025-05-12 14:27:17,151 - INFO - Skipping row 2 in sheet December: Project marked as won/lost/re-bid
2025-05-12 14:27:17,152 - INFO - Skipping row 4 in sheet December: Project marked as won/lost/re-bid
2025-05-12 14:27:17,152 - INFO - Skipping row 6 in sheet December: Project marked as won/lost/re-bid
2025-05-12 14:27:17,152 - INFO - Skipping row 7 in sheet December: Project marked as won/lost/re-bid
2025-05-12 14:27:17,152 - INFO - Skipping row 8 in sheet December: Project marked as won/lost/re-bid
2025-05-12 14:27:17,152 - INFO - Skipping row 9 in sheet December: Project marked as won/lost/re-bid
2025-05-12 14:27:17,153 - INFO - Skipping row 10 in sheet December: Project marked as won/lost/re-bid
2025-05-12 14:27:17,153 - INFO - Skipping row 12 in sheet December: Project marked as won/lost/re-bid
2025-05-12 14:27:17,153 - INFO - Skipping row 13 in sheet December: Project marked as won/lost/re-bid
2025-05-12 14:27:17,153 - INFO - Skipping row 14 in sheet December: Project marked as won/lost/re-bid
2025-05-12 14:27:17,153 - INFO - Skipping row 15 in sheet December: Project marked as won/lost/re-bid
2025-05-12 14:27:17,153 - INFO - Skipping row 16 in sheet December: Project marked as won/lost/re-bid
2025-05-12 14:27:17,153 - INFO - Skipping row 17 in sheet December: Project marked as won/lost/re-bid
2025-05-12 14:27:17,153 - INFO - Skipping row 18 in sheet December: Project marked as won/lost/re-bid
2025-05-12 14:27:17,153 - INFO - Skipping row 19 in sheet December: Project marked as won/lost/re-bid
2025-05-12 14:27:17,154 - INFO - Skipping row 21 in sheet December: Project marked as won/lost/re-bid
2025-05-12 14:27:17,154 - INFO - Skipping row 22 in sheet December: Project marked as won/lost/re-bid
2025-05-12 14:27:17,154 - INFO - Skipping row 23 in sheet December: Project marked as won/lost/re-bid
2025-05-12 14:27:17,154 - INFO - Skipping row 24 in sheet December: Project marked as won/lost/re-bid
2025-05-12 14:27:17,154 - INFO - Skipping row 27 in sheet December: Project marked as won/lost/re-bid
2025-05-12 14:27:17,154 - INFO - Skipping row 28 in sheet December: Project marked as won/lost/re-bid
2025-05-12 14:27:17,154 - INFO - Skipping row 29 in sheet December: Invalid or missing submission date (NaT)
2025-05-12 14:27:17,155 - INFO - Skipping row 30 in sheet December: Invalid or missing submission date (NaT)
2025-05-12 14:27:17,156 - INFO - Skipping row 31 in sheet December: Invalid or missing submission date (NaT)
2025-05-12 14:27:17,156 - INFO - Skipping row 32 in sheet December: Invalid or missing submission date (NaT)
2025-05-12 14:27:17,157 - INFO - Skipping row 33 in sheet December: Invalid or missing submission date (NaT)
2025-05-12 14:27:17,157 - INFO - Skipping row 34 in sheet December: Invalid or missing submission date (NaT)
2025-05-12 14:27:17,478 - INFO - Spreadsheet for 2024 updated with last correspondence dates and follow-up stages.
